2020-06-20T16:49:58+00:00 CRITICAL Uncaught Error: Using $this when not in object context in /var/www/html/paintchip/wp-content/plugins/code-snippets/php/admin-menus/class-edit-menu.php(213) : eval()'d code:2
Stack trace:
#0 /var/www/html/paintchip/wp-content/plugins/code-snippets/php/admin-menus/class-edit-menu.php(213) : eval()'d code(5): doBrandRelation()
#1 /var/www/html/paintchip/wp-content/plugins/code-snippets/php/admin-menus/class-edit-menu.php(213): eval()
#2 /var/www/html/paintchip/wp-content/plugins/code-snippets/php/admin-menus/class-edit-menu.php(263): Code_Snippets_Edit_Menu->test_code(Object(Code_Snippet))
#3 /var/www/html/paintchip/wp-content/plugins/code-snippets/php/admin-menus/class-edit-menu.php(122): Code_Snippets_Edit_Menu->save_posted_snippet()
#4 /var/www/html/paintchip/wp-content/plugins/code-snippets/php/admin-menus/class-edit-menu.php(99): Code_Snippets_Edit_Menu->process_actions()
#5 /var/www/html/paintchip/wp-includes/class-wp-hook.php(287): Code_Snippets_Edit_Menu->load('')
#6 /var/www/html/paintchip/wp-includes/c in /var/www/html/paintchip/wp-content/plugins/code-snippets/php/admin-menus/class-edit-menu.php(213) : eval()'d code on line 2

2020-06-20T16:51:52+00:00 CRITICAL Uncaught Error: Using $this when not in object context in /var/www/html/paintchip/wp-content/plugins/code-snippets/php/snippet-ops.php(446) : eval()'d code:6
Stack trace:
#0 /var/www/html/paintchip/wp-content/plugins/code-snippets/php/snippet-ops.php(446): eval()
#1 /var/www/html/paintchip/wp-content/plugins/code-snippets/php/snippet-ops.php(534): execute_snippet('function doBran...', 10)
#2 /var/www/html/paintchip/wp-includes/class-wp-hook.php(287): execute_active_snippets('')
#3 /var/www/html/paintchip/wp-includes/class-wp-hook.php(311): WP_Hook->apply_filters(NULL, Array)
#4 /var/www/html/paintchip/wp-includes/plugin.php(478): WP_Hook->do_action(Array)
#5 /var/www/html/paintchip/wp-settings.php(403): do_action('plugins_loaded')
#6 /var/www/html/paintchip/wp-config.php(97): require_once('/var/www/html/p...')
#7 /var/www/html/paintchip/wp-load.php(37): require_once('/var/www/html/p...')
#8 /var/www/html/paintchip/wp-admin/admin.php(34): require_once('/var/www/html/p...')
#9 {main}
  thrown in /var/www/html/paintchip/wp-content/plugins/code-snippets/php/snippet-ops.php(446) : eval()'d code on line 6

2020-06-20T16:51:57+00:00 CRITICAL Uncaught Error: Using $this when not in object context in /var/www/html/paintchip/wp-content/plugins/code-snippets/php/snippet-ops.php(446) : eval()'d code:6
Stack trace:
#0 /var/www/html/paintchip/wp-content/plugins/code-snippets/php/snippet-ops.php(446): eval()
#1 /var/www/html/paintchip/wp-content/plugins/code-snippets/php/snippet-ops.php(534): execute_snippet('function doBran...', 10)
#2 /var/www/html/paintchip/wp-includes/class-wp-hook.php(287): execute_active_snippets('')
#3 /var/www/html/paintchip/wp-includes/class-wp-hook.php(311): WP_Hook->apply_filters(NULL, Array)
#4 /var/www/html/paintchip/wp-includes/plugin.php(478): WP_Hook->do_action(Array)
#5 /var/www/html/paintchip/wp-settings.php(403): do_action('plugins_loaded')
#6 /var/www/html/paintchip/wp-config.php(97): require_once('/var/www/html/p...')
#7 /var/www/html/paintchip/wp-load.php(37): require_once('/var/www/html/p...')
#8 /var/www/html/paintchip/wp-admin/admin.php(34): require_once('/var/www/html/p...')
#9 {main}
  thrown in /var/www/html/paintchip/wp-content/plugins/code-snippets/php/snippet-ops.php(446) : eval()'d code on line 6

2020-06-20T16:53:12+00:00 CRITICAL Uncaught Error: Using $this when not in object context in /var/www/html/paintchip/wp-content/plugins/code-snippets/php/snippet-ops.php(446) : eval()'d code:6
Stack trace:
#0 /var/www/html/paintchip/wp-content/plugins/code-snippets/php/snippet-ops.php(446): eval()
#1 /var/www/html/paintchip/wp-content/plugins/code-snippets/php/snippet-ops.php(534): execute_snippet('function doBran...', 10)
#2 /var/www/html/paintchip/wp-includes/class-wp-hook.php(287): execute_active_snippets('')
#3 /var/www/html/paintchip/wp-includes/class-wp-hook.php(311): WP_Hook->apply_filters(NULL, Array)
#4 /var/www/html/paintchip/wp-includes/plugin.php(478): WP_Hook->do_action(Array)
#5 /var/www/html/paintchip/wp-settings.php(403): do_action('plugins_loaded')
#6 /var/www/html/paintchip/wp-config.php(97): require_once('/var/www/html/p...')
#7 /var/www/html/paintchip/wp-load.php(37): require_once('/var/www/html/p...')
#8 /var/www/html/paintchip/wp-admin/admin-ajax.php(22): require_once('/var/www/html/p...')
#9 {main}
  thrown in /var/www/html/paintchip/wp-content/plugins/code-snippets/php/snippet-ops.php(446) : eval()'d code on line 6

2020-06-20T16:57:02+00:00 CRITICAL Uncaught Error: Using $this when not in object context in /var/www/html/paintchip/wp-content/plugins/code-snippets/php/snippet-ops.php(446) : eval()'d code:13
Stack trace:
#0 /var/www/html/paintchip/wp-content/plugins/code-snippets/php/snippet-ops.php(446): eval()
#1 /var/www/html/paintchip/wp-content/plugins/code-snippets/php/snippet-ops.php(534): execute_snippet('function doBran...', 10)
#2 /var/www/html/paintchip/wp-includes/class-wp-hook.php(287): execute_active_snippets('')
#3 /var/www/html/paintchip/wp-includes/class-wp-hook.php(311): WP_Hook->apply_filters(NULL, Array)
#4 /var/www/html/paintchip/wp-includes/plugin.php(478): WP_Hook->do_action(Array)
#5 /var/www/html/paintchip/wp-settings.php(403): do_action('plugins_loaded')
#6 /var/www/html/paintchip/wp-config.php(97): require_once('/var/www/html/p...')
#7 /var/www/html/paintchip/wp-load.php(37): require_once('/var/www/html/p...')
#8 /var/www/html/paintchip/wp-admin/admin.php(34): require_once('/var/www/html/p...')
#9 {main}
  thrown in /var/www/html/paintchip/wp-content/plugins/code-snippets/php/snippet-ops.php(446) : eval()'d code on line 13

2020-06-20T16:57:26+00:00 CRITICAL Uncaught Error: Using $this when not in object context in /var/www/html/paintchip/wp-content/plugins/code-snippets/php/snippet-ops.php(446) : eval()'d code:13
Stack trace:
#0 /var/www/html/paintchip/wp-content/plugins/code-snippets/php/snippet-ops.php(446): eval()
#1 /var/www/html/paintchip/wp-content/plugins/code-snippets/php/snippet-ops.php(534): execute_snippet('function doBran...', 10)
#2 /var/www/html/paintchip/wp-includes/class-wp-hook.php(287): execute_active_snippets('')
#3 /var/www/html/paintchip/wp-includes/class-wp-hook.php(311): WP_Hook->apply_filters(NULL, Array)
#4 /var/www/html/paintchip/wp-includes/plugin.php(478): WP_Hook->do_action(Array)
#5 /var/www/html/paintchip/wp-settings.php(403): do_action('plugins_loaded')
#6 /var/www/html/paintchip/wp-config.php(97): require_once('/var/www/html/p...')
#7 /var/www/html/paintchip/wp-load.php(37): require_once('/var/www/html/p...')
#8 /var/www/html/paintchip/wp-admin/admin-ajax.php(22): require_once('/var/www/html/p...')
#9 {main}
  thrown in /var/www/html/paintchip/wp-content/plugins/code-snippets/php/snippet-ops.php(446) : eval()'d code on line 13

