06-09-2020 @ 17:20:49 - :::: TaxJar Plugin requested :::: (WCS Tax)
06-09-2020 @ 17:20:59 - :::: TaxJar Plugin requested :::: (WCS Tax)
06-09-2020 @ 17:21:01 - :::: TaxJar Plugin requested :::: (WCS Tax)
06-09-2020 @ 17:21:44 - :::: TaxJar Plugin requested :::: (WCS Tax)
06-09-2020 @ 17:21:44 - :::: TaxJar API called :::: (WCS Tax)
06-09-2020 @ 17:21:44 - Requesting: taxjar/v2/taxes - {"from_country":"US","from_state":"CA","from_zip":"95616","from_city":"Davis","from_street":"217 F St","to_country":"US","to_state":"NV","to_zip":"89147","to_city":"Las Vegas","to_street":"8011 W Rochelle AVE","shipping":"7.50","plugin":"woo","line_items":[{"id":"10785-92316afaebe71e3e55c62c02659c6d5d","quantity":10,"product_tax_code":"","unit_price":"6.98","discount":"0"}]} (WCS Tax)
06-09-2020 @ 17:21:44 - Received: {"tax":{"amount_to_collect":0,"freight_taxable":false,"has_nexus":false,"order_total_amount":77.3,"rate":0,"shipping":7.5,"tax_source":null,"taxable_amount":0}} (WCS Tax)
06-09-2020 @ 17:22:08 - :::: TaxJar Plugin requested :::: (WCS Tax)
06-09-2020 @ 17:22:08 - :::: TaxJar API called :::: (WCS Tax)
06-09-2020 @ 17:22:08 - Received: {"tax":{"amount_to_collect":0,"freight_taxable":false,"has_nexus":false,"order_total_amount":77.3,"rate":0,"shipping":7.5,"tax_source":null,"taxable_amount":0}} (WCS Tax)
06-09-2020 @ 17:22:29 - :::: TaxJar Plugin requested :::: (WCS Tax)
06-09-2020 @ 17:22:29 - :::: TaxJar API called :::: (WCS Tax)
06-09-2020 @ 17:22:29 - Received: {"tax":{"amount_to_collect":0,"freight_taxable":false,"has_nexus":false,"order_total_amount":77.3,"rate":0,"shipping":7.5,"tax_source":null,"taxable_amount":0}} (WCS Tax)
06-09-2020 @ 17:23:08 - :::: TaxJar Plugin requested :::: (WCS Tax)
06-09-2020 @ 17:23:08 - :::: TaxJar API called :::: (WCS Tax)
06-09-2020 @ 17:23:08 - Received: {"tax":{"amount_to_collect":0,"freight_taxable":false,"has_nexus":false,"order_total_amount":77.3,"rate":0,"shipping":7.5,"tax_source":null,"taxable_amount":0}} (WCS Tax)
06-09-2020 @ 17:24:05 - :::: TaxJar Plugin requested :::: (WCS Tax)
06-09-2020 @ 17:24:05 - :::: TaxJar API called :::: (WCS Tax)
06-09-2020 @ 17:24:05 - Requesting: taxjar/v2/taxes - {"from_country":"US","from_state":"CA","from_zip":"95616","from_city":"Davis","from_street":"217 F St","to_country":"US","to_state":"NV","to_zip":"89147","to_city":"Las Vegas","to_street":"8011 W Rochelle AVE","shipping":"7.50","plugin":"woo","line_items":[{"id":"10785-92316afaebe71e3e55c62c02659c6d5d","quantity":15,"product_tax_code":"","unit_price":"6.98","discount":"0"},{"id":"8064-fa40b3850046b362217c121a274720fd","quantity":10,"product_tax_code":"","unit_price":"2.58","discount":"0"}]} (WCS Tax)
06-09-2020 @ 17:24:05 - Received: {"tax":{"amount_to_collect":0,"freight_taxable":false,"has_nexus":false,"order_total_amount":138.0,"rate":0,"shipping":7.5,"tax_source":null,"taxable_amount":0}} (WCS Tax)
06-09-2020 @ 17:24:18 - :::: TaxJar Plugin requested :::: (WCS Tax)
06-09-2020 @ 17:24:18 - :::: TaxJar API called :::: (WCS Tax)
06-09-2020 @ 17:24:18 - Requesting: taxjar/v2/taxes - {"from_country":"US","from_state":"CA","from_zip":"95616","from_city":"Davis","from_street":"217 F St","to_country":"US","to_state":"NV","to_zip":"89147","to_city":"Las Vegas","to_street":"8011 W Rochelle AVE","shipping":"7.50","plugin":"woo","line_items":[{"id":"10785-92316afaebe71e3e55c62c02659c6d5d","quantity":15,"product_tax_code":"","unit_price":"6.98","discount":"0"}]} (WCS Tax)
06-09-2020 @ 17:24:19 - Received: {"tax":{"amount_to_collect":0,"freight_taxable":false,"has_nexus":false,"order_total_amount":112.2,"rate":0,"shipping":7.5,"tax_source":null,"taxable_amount":0}} (WCS Tax)
06-09-2020 @ 17:24:30 - :::: TaxJar Plugin requested :::: (WCS Tax)
06-09-2020 @ 17:24:30 - :::: TaxJar API called :::: (WCS Tax)
06-09-2020 @ 17:24:30 - Received: {"tax":{"amount_to_collect":0,"freight_taxable":false,"has_nexus":false,"order_total_amount":112.2,"rate":0,"shipping":7.5,"tax_source":null,"taxable_amount":0}} (WCS Tax)
06-09-2020 @ 17:24:32 - :::: TaxJar Plugin requested :::: (WCS Tax)
06-09-2020 @ 17:24:32 - :::: TaxJar API called :::: (WCS Tax)
06-09-2020 @ 17:24:32 - Received: {"tax":{"amount_to_collect":0,"freight_taxable":false,"has_nexus":false,"order_total_amount":112.2,"rate":0,"shipping":7.5,"tax_source":null,"taxable_amount":0}} (WCS Tax)
06-09-2020 @ 17:24:43 - :::: TaxJar Plugin requested :::: (WCS Tax)
06-09-2020 @ 17:24:43 - :::: TaxJar API called :::: (WCS Tax)
06-09-2020 @ 17:24:43 - Received: {"tax":{"amount_to_collect":0,"freight_taxable":false,"has_nexus":false,"order_total_amount":112.2,"rate":0,"shipping":7.5,"tax_source":null,"taxable_amount":0}} (WCS Tax)
06-09-2020 @ 19:02:58 - :::: TaxJar Plugin requested :::: (WCS Tax)
06-09-2020 @ 19:02:58 - :::: TaxJar API called :::: (WCS Tax)
06-09-2020 @ 19:02:58 - Requesting: taxjar/v2/taxes - {"from_country":"US","from_state":"CA","from_zip":"95616","from_city":"Davis","from_street":"217 F St","to_country":"US","to_state":"NV","to_zip":"89147","to_city":"Las Vegas","to_street":"8011 W Rochelle AVE","shipping":"7.50","plugin":"woo","line_items":[{"id":"10785-92316afaebe71e3e55c62c02659c6d5d","quantity":15,"product_tax_code":"","unit_price":"6.98","discount":"0"}]} (WCS Tax)
06-09-2020 @ 19:02:58 - Received: {"tax":{"amount_to_collect":0,"freight_taxable":false,"has_nexus":false,"order_total_amount":112.2,"rate":0,"shipping":7.5,"tax_source":null,"taxable_amount":0}} (WCS Tax)
06-09-2020 @ 22:34:35 - :::: TaxJar Plugin requested :::: (WCS Tax)
06-09-2020 @ 22:35:00 - :::: TaxJar Plugin requested :::: (WCS Tax)
06-09-2020 @ 22:35:00 - :::: TaxJar API called :::: (WCS Tax)
06-09-2020 @ 22:35:00 - Requesting: taxjar/v2/taxes - {"from_country":"US","from_state":"CA","from_zip":"95616","from_city":"Davis","from_street":"217 F St","to_country":"US","to_state":"IL","to_zip":"60452","to_city":"Oak Forest","to_street":false,"shipping":"7.50","plugin":"woo","line_items":[{"id":"7776-23529b09a37f0a0c1e11e01d8619b93a","quantity":1,"product_tax_code":"","unit_price":"2.28","discount":"0"}]} (WCS Tax)
06-09-2020 @ 22:35:00 - Received: {"tax":{"amount_to_collect":0,"freight_taxable":true,"has_nexus":false,"order_total_amount":9.78,"rate":0,"shipping":7.5,"tax_source":null,"taxable_amount":0}} (WCS Tax)
06-09-2020 @ 22:35:00 - :::: TaxJar Plugin requested :::: (WCS Tax)
06-09-2020 @ 22:35:00 - :::: TaxJar API called :::: (WCS Tax)
06-09-2020 @ 22:35:00 - Received: {"tax":{"amount_to_collect":0,"freight_taxable":true,"has_nexus":false,"order_total_amount":9.78,"rate":0,"shipping":7.5,"tax_source":null,"taxable_amount":0}} (WCS Tax)
06-09-2020 @ 22:35:14 - :::: TaxJar Plugin requested :::: (WCS Tax)
06-09-2020 @ 22:35:14 - :::: TaxJar API called :::: (WCS Tax)
06-09-2020 @ 22:35:14 - Received: {"tax":{"amount_to_collect":0,"freight_taxable":true,"has_nexus":false,"order_total_amount":9.78,"rate":0,"shipping":7.5,"tax_source":null,"taxable_amount":0}} (WCS Tax)
06-09-2020 @ 22:35:18 - :::: TaxJar Plugin requested :::: (WCS Tax)
06-09-2020 @ 22:35:18 - :::: TaxJar API called :::: (WCS Tax)
06-09-2020 @ 22:35:18 - Received: {"tax":{"amount_to_collect":0,"freight_taxable":true,"has_nexus":false,"order_total_amount":9.78,"rate":0,"shipping":7.5,"tax_source":null,"taxable_amount":0}} (WCS Tax)
06-09-2020 @ 22:35:23 - :::: TaxJar Plugin requested :::: (WCS Tax)
06-09-2020 @ 22:35:23 - :::: TaxJar API called :::: (WCS Tax)
06-09-2020 @ 22:35:23 - Requesting: taxjar/v2/taxes - {"from_country":"US","from_state":"CA","from_zip":"95616","from_city":"Davis","from_street":"217 F St","to_country":"US","to_state":"IL","to_zip":"60452","to_city":"Oak Forest","to_street":"15535 Lockwood Avenue","shipping":"7.50","plugin":"woo","line_items":[{"id":"7776-23529b09a37f0a0c1e11e01d8619b93a","quantity":1,"product_tax_code":"","unit_price":"2.28","discount":"0"}]} (WCS Tax)
06-09-2020 @ 22:35:23 - Received: {"tax":{"amount_to_collect":0,"freight_taxable":true,"has_nexus":false,"order_total_amount":9.78,"rate":0,"shipping":7.5,"tax_source":null,"taxable_amount":0}} (WCS Tax)
06-09-2020 @ 22:35:50 - :::: TaxJar Plugin requested :::: (WCS Tax)
06-09-2020 @ 22:35:50 - :::: TaxJar API called :::: (WCS Tax)
06-09-2020 @ 22:35:50 - Received: {"tax":{"amount_to_collect":0,"freight_taxable":true,"has_nexus":false,"order_total_amount":9.78,"rate":0,"shipping":7.5,"tax_source":null,"taxable_amount":0}} (WCS Tax)
