07-10-2020 @ 03:50:12 - :::: TaxJar Plugin requested :::: (WCS Tax)
07-10-2020 @ 17:19:54 - :::: TaxJar Plugin requested :::: (WCS Tax)
07-10-2020 @ 17:19:57 - :::: TaxJar Plugin requested :::: (WCS Tax)
07-10-2020 @ 17:22:29 - :::: TaxJar Plugin requested :::: (WCS Tax)
07-10-2020 @ 17:22:43 - :::: TaxJar Plugin requested :::: (WCS Tax)
07-10-2020 @ 17:22:55 - :::: TaxJar Plugin requested :::: (WCS Tax)
07-10-2020 @ 17:22:55 - :::: TaxJar API called :::: (WCS Tax)
07-10-2020 @ 17:22:55 - Requesting: taxjar/v2/taxes - {"from_country":"US","from_state":"CA","from_zip":"95616","from_city":"Davis","from_street":"217 F St","to_country":"US","to_state":"CA","to_zip":"95616","to_city":"DAVIS","to_street":"217 F St","shipping":"0.00","plugin":"woo","line_items":[{"id":"15466-5b4634374f3d21e6903ba5ff2b771fa4","quantity":1,"product_tax_code":"","unit_price":".50","discount":"0"}]} (WCS Tax)
07-10-2020 @ 17:22:55 - Received: {"tax":{"amount_to_collect":0.04,"breakdown":{"city_tax_collectable":0.0,"city_tax_rate":0.0,"city_taxable_amount":0.0,"combined_tax_rate":0.0825,"county_tax_collectable":0.01,"county_tax_rate":0.01,"county_taxable_amount":0.5,"line_items":[{"city_amount":0.0,"city_tax_rate":0.0,"city_taxable_amount":0.0,"combined_tax_rate":0.0825,"county_amount":0.01,"county_tax_rate":0.01,"county_taxable_amount":0.5,"id":"15466-5b4634374f3d21e6903ba5ff2b771fa4","special_district_amount":0.01,"special_district_taxable_amount":0.5,"special_tax_rate":0.01,"state_amount":0.03,"state_sales_tax_rate":0.0625,"state_taxable_amount":0.5,"tax_collectable":0.04,"taxable_amount":0.5}],"special_district_tax_collectable":0.01,"special_district_taxable_amount":0.5,"special_tax_rate":0.01,"state_tax_collectable":0.03,"state_tax_rate":0.0625,"state_taxable_amount":0.5,"tax_collectable":0.04,"taxable_amount":0.5},"freight_taxable":false,"has_nexus":true,"jurisdictions":{"city":"DAVIS","country":"US","county":"Yolo County","state":"CA"},"order_total_amount":0.5,"rate":0.0825,"shipping":0.0,"tax_source":"destination","taxable_amount":0.5}} (WCS Tax)
07-10-2020 @ 17:22:55 - :: Adding New Tax Rate :: (WCS Tax)
07-10-2020 @ 17:22:55 - {"tax_rate_country":"US","tax_rate_state":"CA","tax_rate_name":"CA Tax","tax_rate_priority":1,"tax_rate_compound":false,"tax_rate_shipping":0,"tax_rate":8.25,"tax_rate_class":""} (WCS Tax)
07-10-2020 @ 17:22:55 - Tax Rate ID Set for 1 (WCS Tax)
07-10-2020 @ 17:22:55 - :: Tax Rate Found :: (WCS Tax)
07-10-2020 @ 17:22:55 - {"1":{"rate":8.25,"label":"CA Tax","shipping":"no","compound":"no"}} (WCS Tax)
07-10-2020 @ 17:22:55 - :: Updating Tax Rate To :: (WCS Tax)
07-10-2020 @ 17:22:55 - {"tax_rate_country":"US","tax_rate_state":"CA","tax_rate_name":"CA Tax","tax_rate_priority":1,"tax_rate_compound":false,"tax_rate_shipping":0,"tax_rate":8.25,"tax_rate_class":""} (WCS Tax)
07-10-2020 @ 17:22:55 - Tax Rate ID Set for 1 (WCS Tax)
07-10-2020 @ 17:22:59 - :::: TaxJar Plugin requested :::: (WCS Tax)
07-10-2020 @ 17:22:59 - :::: TaxJar API called :::: (WCS Tax)
07-10-2020 @ 17:22:59 - Received: {"tax":{"amount_to_collect":0.04,"breakdown":{"city_tax_collectable":0.0,"city_tax_rate":0.0,"city_taxable_amount":0.0,"combined_tax_rate":0.0825,"county_tax_collectable":0.01,"county_tax_rate":0.01,"county_taxable_amount":0.5,"line_items":[{"city_amount":0.0,"city_tax_rate":0.0,"city_taxable_amount":0.0,"combined_tax_rate":0.0825,"county_amount":0.01,"county_tax_rate":0.01,"county_taxable_amount":0.5,"id":"15466-5b4634374f3d21e6903ba5ff2b771fa4","special_district_amount":0.01,"special_district_taxable_amount":0.5,"special_tax_rate":0.01,"state_amount":0.03,"state_sales_tax_rate":0.0625,"state_taxable_amount":0.5,"tax_collectable":0.04,"taxable_amount":0.5}],"special_district_tax_collectable":0.01,"special_district_taxable_amount":0.5,"special_tax_rate":0.01,"state_tax_collectable":0.03,"state_tax_rate":0.0625,"state_taxable_amount":0.5,"tax_collectable":0.04,"taxable_amount":0.5},"freight_taxable":false,"has_nexus":true,"jurisdictions":{"city":"DAVIS","country":"US","county":"Yolo County","state":"CA"},"order_total_amount":0.5,"rate":0.0825,"shipping":0.0,"tax_source":"destination","taxable_amount":0.5}} (WCS Tax)
07-10-2020 @ 17:22:59 - :: Tax Rate Found :: (WCS Tax)
07-10-2020 @ 17:22:59 - {"1":{"rate":8.25,"label":"CA Tax","shipping":"no","compound":"no"}} (WCS Tax)
07-10-2020 @ 17:22:59 - :: Updating Tax Rate To :: (WCS Tax)
07-10-2020 @ 17:22:59 - {"tax_rate_country":"US","tax_rate_state":"CA","tax_rate_name":"CA Tax","tax_rate_priority":1,"tax_rate_compound":false,"tax_rate_shipping":0,"tax_rate":8.25,"tax_rate_class":""} (WCS Tax)
07-10-2020 @ 17:22:59 - Tax Rate ID Set for 1 (WCS Tax)
07-10-2020 @ 17:22:59 - :: Tax Rate Found :: (WCS Tax)
07-10-2020 @ 17:22:59 - {"1":{"rate":8.25,"label":"CA Tax","shipping":"no","compound":"no"}} (WCS Tax)
07-10-2020 @ 17:22:59 - :: Updating Tax Rate To :: (WCS Tax)
07-10-2020 @ 17:22:59 - {"tax_rate_country":"US","tax_rate_state":"CA","tax_rate_name":"CA Tax","tax_rate_priority":1,"tax_rate_compound":false,"tax_rate_shipping":0,"tax_rate":8.25,"tax_rate_class":""} (WCS Tax)
07-10-2020 @ 17:22:59 - Tax Rate ID Set for 1 (WCS Tax)
07-10-2020 @ 17:23:04 - :::: TaxJar Plugin requested :::: (WCS Tax)
07-10-2020 @ 17:23:04 - :::: TaxJar API called :::: (WCS Tax)
07-10-2020 @ 17:23:04 - Received: {"tax":{"amount_to_collect":0.04,"breakdown":{"city_tax_collectable":0.0,"city_tax_rate":0.0,"city_taxable_amount":0.0,"combined_tax_rate":0.0825,"county_tax_collectable":0.01,"county_tax_rate":0.01,"county_taxable_amount":0.5,"line_items":[{"city_amount":0.0,"city_tax_rate":0.0,"city_taxable_amount":0.0,"combined_tax_rate":0.0825,"county_amount":0.01,"county_tax_rate":0.01,"county_taxable_amount":0.5,"id":"15466-5b4634374f3d21e6903ba5ff2b771fa4","special_district_amount":0.01,"special_district_taxable_amount":0.5,"special_tax_rate":0.01,"state_amount":0.03,"state_sales_tax_rate":0.0625,"state_taxable_amount":0.5,"tax_collectable":0.04,"taxable_amount":0.5}],"special_district_tax_collectable":0.01,"special_district_taxable_amount":0.5,"special_tax_rate":0.01,"state_tax_collectable":0.03,"state_tax_rate":0.0625,"state_taxable_amount":0.5,"tax_collectable":0.04,"taxable_amount":0.5},"freight_taxable":false,"has_nexus":true,"jurisdictions":{"city":"DAVIS","country":"US","county":"Yolo County","state":"CA"},"order_total_amount":0.5,"rate":0.0825,"shipping":0.0,"tax_source":"destination","taxable_amount":0.5}} (WCS Tax)
07-10-2020 @ 17:23:04 - :: Tax Rate Found :: (WCS Tax)
07-10-2020 @ 17:23:04 - {"1":{"rate":8.25,"label":"CA Tax","shipping":"no","compound":"no"}} (WCS Tax)
07-10-2020 @ 17:23:04 - :: Updating Tax Rate To :: (WCS Tax)
07-10-2020 @ 17:23:04 - {"tax_rate_country":"US","tax_rate_state":"CA","tax_rate_name":"CA Tax","tax_rate_priority":1,"tax_rate_compound":false,"tax_rate_shipping":0,"tax_rate":8.25,"tax_rate_class":""} (WCS Tax)
07-10-2020 @ 17:23:04 - Tax Rate ID Set for 1 (WCS Tax)
07-10-2020 @ 17:23:04 - :: Tax Rate Found :: (WCS Tax)
07-10-2020 @ 17:23:04 - {"1":{"rate":8.25,"label":"CA Tax","shipping":"no","compound":"no"}} (WCS Tax)
07-10-2020 @ 17:23:04 - :: Updating Tax Rate To :: (WCS Tax)
07-10-2020 @ 17:23:04 - {"tax_rate_country":"US","tax_rate_state":"CA","tax_rate_name":"CA Tax","tax_rate_priority":1,"tax_rate_compound":false,"tax_rate_shipping":0,"tax_rate":8.25,"tax_rate_class":""} (WCS Tax)
07-10-2020 @ 17:23:04 - Tax Rate ID Set for 1 (WCS Tax)
07-10-2020 @ 17:23:23 - :::: TaxJar Plugin requested :::: (WCS Tax)
07-10-2020 @ 17:23:23 - :::: TaxJar API called :::: (WCS Tax)
07-10-2020 @ 17:23:23 - Received: {"tax":{"amount_to_collect":0.04,"breakdown":{"city_tax_collectable":0.0,"city_tax_rate":0.0,"city_taxable_amount":0.0,"combined_tax_rate":0.0825,"county_tax_collectable":0.01,"county_tax_rate":0.01,"county_taxable_amount":0.5,"line_items":[{"city_amount":0.0,"city_tax_rate":0.0,"city_taxable_amount":0.0,"combined_tax_rate":0.0825,"county_amount":0.01,"county_tax_rate":0.01,"county_taxable_amount":0.5,"id":"15466-5b4634374f3d21e6903ba5ff2b771fa4","special_district_amount":0.01,"special_district_taxable_amount":0.5,"special_tax_rate":0.01,"state_amount":0.03,"state_sales_tax_rate":0.0625,"state_taxable_amount":0.5,"tax_collectable":0.04,"taxable_amount":0.5}],"special_district_tax_collectable":0.01,"special_district_taxable_amount":0.5,"special_tax_rate":0.01,"state_tax_collectable":0.03,"state_tax_rate":0.0625,"state_taxable_amount":0.5,"tax_collectable":0.04,"taxable_amount":0.5},"freight_taxable":false,"has_nexus":true,"jurisdictions":{"city":"DAVIS","country":"US","county":"Yolo County","state":"CA"},"order_total_amount":0.5,"rate":0.0825,"shipping":0.0,"tax_source":"destination","taxable_amount":0.5}} (WCS Tax)
07-10-2020 @ 17:23:23 - :: Tax Rate Found :: (WCS Tax)
07-10-2020 @ 17:23:23 - {"1":{"rate":8.25,"label":"CA Tax","shipping":"no","compound":"no"}} (WCS Tax)
07-10-2020 @ 17:23:23 - :: Updating Tax Rate To :: (WCS Tax)
07-10-2020 @ 17:23:23 - {"tax_rate_country":"US","tax_rate_state":"CA","tax_rate_name":"CA Tax","tax_rate_priority":1,"tax_rate_compound":false,"tax_rate_shipping":0,"tax_rate":8.25,"tax_rate_class":""} (WCS Tax)
07-10-2020 @ 17:23:23 - Tax Rate ID Set for 1 (WCS Tax)
07-10-2020 @ 17:23:23 - :: Tax Rate Found :: (WCS Tax)
07-10-2020 @ 17:23:23 - {"1":{"rate":8.25,"label":"CA Tax","shipping":"no","compound":"no"}} (WCS Tax)
07-10-2020 @ 17:23:23 - :: Updating Tax Rate To :: (WCS Tax)
07-10-2020 @ 17:23:23 - {"tax_rate_country":"US","tax_rate_state":"CA","tax_rate_name":"CA Tax","tax_rate_priority":1,"tax_rate_compound":false,"tax_rate_shipping":0,"tax_rate":8.25,"tax_rate_class":""} (WCS Tax)
07-10-2020 @ 17:23:23 - Tax Rate ID Set for 1 (WCS Tax)
07-10-2020 @ 18:19:48 - :::: TaxJar Plugin requested :::: (WCS Tax)
07-10-2020 @ 18:19:48 - :::: TaxJar API called :::: (WCS Tax)
07-10-2020 @ 18:19:48 - Received: {"tax":{"amount_to_collect":0.04,"breakdown":{"city_tax_collectable":0.0,"city_tax_rate":0.0,"city_taxable_amount":0.0,"combined_tax_rate":0.0825,"county_tax_collectable":0.01,"county_tax_rate":0.01,"county_taxable_amount":0.5,"line_items":[{"city_amount":0.0,"city_tax_rate":0.0,"city_taxable_amount":0.0,"combined_tax_rate":0.0825,"county_amount":0.01,"county_tax_rate":0.01,"county_taxable_amount":0.5,"id":"15466-5b4634374f3d21e6903ba5ff2b771fa4","special_district_amount":0.01,"special_district_taxable_amount":0.5,"special_tax_rate":0.01,"state_amount":0.03,"state_sales_tax_rate":0.0625,"state_taxable_amount":0.5,"tax_collectable":0.04,"taxable_amount":0.5}],"special_district_tax_collectable":0.01,"special_district_taxable_amount":0.5,"special_tax_rate":0.01,"state_tax_collectable":0.03,"state_tax_rate":0.0625,"state_taxable_amount":0.5,"tax_collectable":0.04,"taxable_amount":0.5},"freight_taxable":false,"has_nexus":true,"jurisdictions":{"city":"DAVIS","country":"US","county":"Yolo County","state":"CA"},"order_total_amount":0.5,"rate":0.0825,"shipping":0.0,"tax_source":"destination","taxable_amount":0.5}} (WCS Tax)
07-10-2020 @ 18:19:48 - :: Tax Rate Found :: (WCS Tax)
07-10-2020 @ 18:19:48 - {"1":{"rate":8.25,"label":"CA Tax","shipping":"no","compound":"no"}} (WCS Tax)
07-10-2020 @ 18:19:48 - :: Updating Tax Rate To :: (WCS Tax)
07-10-2020 @ 18:19:48 - {"tax_rate_country":"US","tax_rate_state":"CA","tax_rate_name":"CA Tax","tax_rate_priority":1,"tax_rate_compound":false,"tax_rate_shipping":0,"tax_rate":8.25,"tax_rate_class":""} (WCS Tax)
07-10-2020 @ 18:19:48 - Tax Rate ID Set for 1 (WCS Tax)
07-10-2020 @ 18:19:48 - :: Tax Rate Found :: (WCS Tax)
07-10-2020 @ 18:19:48 - {"1":{"rate":8.25,"label":"CA Tax","shipping":"no","compound":"no"}} (WCS Tax)
07-10-2020 @ 18:19:48 - :: Updating Tax Rate To :: (WCS Tax)
07-10-2020 @ 18:19:48 - {"tax_rate_country":"US","tax_rate_state":"CA","tax_rate_name":"CA Tax","tax_rate_priority":1,"tax_rate_compound":false,"tax_rate_shipping":0,"tax_rate":8.25,"tax_rate_class":""} (WCS Tax)
07-10-2020 @ 18:19:48 - Tax Rate ID Set for 1 (WCS Tax)
07-10-2020 @ 18:21:43 - :::: TaxJar Plugin requested :::: (WCS Tax)
07-10-2020 @ 18:21:43 - :::: TaxJar API called :::: (WCS Tax)
07-10-2020 @ 18:21:43 - Received: {"tax":{"amount_to_collect":0.04,"breakdown":{"city_tax_collectable":0.0,"city_tax_rate":0.0,"city_taxable_amount":0.0,"combined_tax_rate":0.0825,"county_tax_collectable":0.01,"county_tax_rate":0.01,"county_taxable_amount":0.5,"line_items":[{"city_amount":0.0,"city_tax_rate":0.0,"city_taxable_amount":0.0,"combined_tax_rate":0.0825,"county_amount":0.01,"county_tax_rate":0.01,"county_taxable_amount":0.5,"id":"15466-5b4634374f3d21e6903ba5ff2b771fa4","special_district_amount":0.01,"special_district_taxable_amount":0.5,"special_tax_rate":0.01,"state_amount":0.03,"state_sales_tax_rate":0.0625,"state_taxable_amount":0.5,"tax_collectable":0.04,"taxable_amount":0.5}],"special_district_tax_collectable":0.01,"special_district_taxable_amount":0.5,"special_tax_rate":0.01,"state_tax_collectable":0.03,"state_tax_rate":0.0625,"state_taxable_amount":0.5,"tax_collectable":0.04,"taxable_amount":0.5},"freight_taxable":false,"has_nexus":true,"jurisdictions":{"city":"DAVIS","country":"US","county":"Yolo County","state":"CA"},"order_total_amount":0.5,"rate":0.0825,"shipping":0.0,"tax_source":"destination","taxable_amount":0.5}} (WCS Tax)
07-10-2020 @ 18:21:43 - :: Tax Rate Found :: (WCS Tax)
07-10-2020 @ 18:21:43 - {"1":{"rate":8.25,"label":"CA Tax","shipping":"no","compound":"no"}} (WCS Tax)
07-10-2020 @ 18:21:43 - :: Updating Tax Rate To :: (WCS Tax)
07-10-2020 @ 18:21:43 - {"tax_rate_country":"US","tax_rate_state":"CA","tax_rate_name":"CA Tax","tax_rate_priority":1,"tax_rate_compound":false,"tax_rate_shipping":0,"tax_rate":8.25,"tax_rate_class":""} (WCS Tax)
07-10-2020 @ 18:21:43 - Tax Rate ID Set for 1 (WCS Tax)
07-10-2020 @ 18:21:43 - :: Tax Rate Found :: (WCS Tax)
07-10-2020 @ 18:21:43 - {"1":{"rate":8.25,"label":"CA Tax","shipping":"no","compound":"no"}} (WCS Tax)
07-10-2020 @ 18:21:43 - :: Updating Tax Rate To :: (WCS Tax)
07-10-2020 @ 18:21:43 - {"tax_rate_country":"US","tax_rate_state":"CA","tax_rate_name":"CA Tax","tax_rate_priority":1,"tax_rate_compound":false,"tax_rate_shipping":0,"tax_rate":8.25,"tax_rate_class":""} (WCS Tax)
07-10-2020 @ 18:21:43 - Tax Rate ID Set for 1 (WCS Tax)
07-10-2020 @ 18:21:45 - :::: TaxJar Plugin requested :::: (WCS Tax)
07-10-2020 @ 18:21:45 - :::: TaxJar API called :::: (WCS Tax)
07-10-2020 @ 18:21:45 - Received: {"tax":{"amount_to_collect":0.04,"breakdown":{"city_tax_collectable":0.0,"city_tax_rate":0.0,"city_taxable_amount":0.0,"combined_tax_rate":0.0825,"county_tax_collectable":0.01,"county_tax_rate":0.01,"county_taxable_amount":0.5,"line_items":[{"city_amount":0.0,"city_tax_rate":0.0,"city_taxable_amount":0.0,"combined_tax_rate":0.0825,"county_amount":0.01,"county_tax_rate":0.01,"county_taxable_amount":0.5,"id":"15466-5b4634374f3d21e6903ba5ff2b771fa4","special_district_amount":0.01,"special_district_taxable_amount":0.5,"special_tax_rate":0.01,"state_amount":0.03,"state_sales_tax_rate":0.0625,"state_taxable_amount":0.5,"tax_collectable":0.04,"taxable_amount":0.5}],"special_district_tax_collectable":0.01,"special_district_taxable_amount":0.5,"special_tax_rate":0.01,"state_tax_collectable":0.03,"state_tax_rate":0.0625,"state_taxable_amount":0.5,"tax_collectable":0.04,"taxable_amount":0.5},"freight_taxable":false,"has_nexus":true,"jurisdictions":{"city":"DAVIS","country":"US","county":"Yolo County","state":"CA"},"order_total_amount":0.5,"rate":0.0825,"shipping":0.0,"tax_source":"destination","taxable_amount":0.5}} (WCS Tax)
07-10-2020 @ 18:21:45 - :: Tax Rate Found :: (WCS Tax)
07-10-2020 @ 18:21:45 - {"1":{"rate":8.25,"label":"CA Tax","shipping":"no","compound":"no"}} (WCS Tax)
07-10-2020 @ 18:21:45 - :: Updating Tax Rate To :: (WCS Tax)
07-10-2020 @ 18:21:45 - {"tax_rate_country":"US","tax_rate_state":"CA","tax_rate_name":"CA Tax","tax_rate_priority":1,"tax_rate_compound":false,"tax_rate_shipping":0,"tax_rate":8.25,"tax_rate_class":""} (WCS Tax)
07-10-2020 @ 18:21:45 - Tax Rate ID Set for 1 (WCS Tax)
07-10-2020 @ 18:21:45 - :: Tax Rate Found :: (WCS Tax)
07-10-2020 @ 18:21:45 - {"1":{"rate":8.25,"label":"CA Tax","shipping":"no","compound":"no"}} (WCS Tax)
07-10-2020 @ 18:21:45 - :: Updating Tax Rate To :: (WCS Tax)
07-10-2020 @ 18:21:45 - {"tax_rate_country":"US","tax_rate_state":"CA","tax_rate_name":"CA Tax","tax_rate_priority":1,"tax_rate_compound":false,"tax_rate_shipping":0,"tax_rate":8.25,"tax_rate_class":""} (WCS Tax)
07-10-2020 @ 18:21:45 - Tax Rate ID Set for 1 (WCS Tax)
07-10-2020 @ 18:22:06 - :::: TaxJar Plugin requested :::: (WCS Tax)
07-10-2020 @ 18:22:06 - :::: TaxJar API called :::: (WCS Tax)
07-10-2020 @ 18:22:06 - Received: {"tax":{"amount_to_collect":0.04,"breakdown":{"city_tax_collectable":0.0,"city_tax_rate":0.0,"city_taxable_amount":0.0,"combined_tax_rate":0.0825,"county_tax_collectable":0.01,"county_tax_rate":0.01,"county_taxable_amount":0.5,"line_items":[{"city_amount":0.0,"city_tax_rate":0.0,"city_taxable_amount":0.0,"combined_tax_rate":0.0825,"county_amount":0.01,"county_tax_rate":0.01,"county_taxable_amount":0.5,"id":"15466-5b4634374f3d21e6903ba5ff2b771fa4","special_district_amount":0.01,"special_district_taxable_amount":0.5,"special_tax_rate":0.01,"state_amount":0.03,"state_sales_tax_rate":0.0625,"state_taxable_amount":0.5,"tax_collectable":0.04,"taxable_amount":0.5}],"special_district_tax_collectable":0.01,"special_district_taxable_amount":0.5,"special_tax_rate":0.01,"state_tax_collectable":0.03,"state_tax_rate":0.0625,"state_taxable_amount":0.5,"tax_collectable":0.04,"taxable_amount":0.5},"freight_taxable":false,"has_nexus":true,"jurisdictions":{"city":"DAVIS","country":"US","county":"Yolo County","state":"CA"},"order_total_amount":0.5,"rate":0.0825,"shipping":0.0,"tax_source":"destination","taxable_amount":0.5}} (WCS Tax)
07-10-2020 @ 18:22:06 - :: Tax Rate Found :: (WCS Tax)
07-10-2020 @ 18:22:06 - {"1":{"rate":8.25,"label":"CA Tax","shipping":"no","compound":"no"}} (WCS Tax)
07-10-2020 @ 18:22:06 - :: Updating Tax Rate To :: (WCS Tax)
07-10-2020 @ 18:22:06 - {"tax_rate_country":"US","tax_rate_state":"CA","tax_rate_name":"CA Tax","tax_rate_priority":1,"tax_rate_compound":false,"tax_rate_shipping":0,"tax_rate":8.25,"tax_rate_class":""} (WCS Tax)
07-10-2020 @ 18:22:06 - Tax Rate ID Set for 1 (WCS Tax)
07-10-2020 @ 18:22:06 - :: Tax Rate Found :: (WCS Tax)
07-10-2020 @ 18:22:06 - {"1":{"rate":8.25,"label":"CA Tax","shipping":"no","compound":"no"}} (WCS Tax)
07-10-2020 @ 18:22:06 - :: Updating Tax Rate To :: (WCS Tax)
07-10-2020 @ 18:22:06 - {"tax_rate_country":"US","tax_rate_state":"CA","tax_rate_name":"CA Tax","tax_rate_priority":1,"tax_rate_compound":false,"tax_rate_shipping":0,"tax_rate":8.25,"tax_rate_class":""} (WCS Tax)
07-10-2020 @ 18:22:06 - Tax Rate ID Set for 1 (WCS Tax)
07-10-2020 @ 18:26:38 - :::: TaxJar Plugin requested :::: (WCS Tax)
07-10-2020 @ 18:30:18 - :::: TaxJar Plugin requested :::: (WCS Tax)
07-10-2020 @ 18:32:59 - :::: TaxJar Plugin requested :::: (WCS Tax)
07-10-2020 @ 18:32:59 - :::: TaxJar API called :::: (WCS Tax)
07-10-2020 @ 18:32:59 - Requesting: taxjar/v2/taxes - {"from_country":"US","from_state":"CA","from_zip":"95616","from_city":"Davis","from_street":"217 F St","to_country":"US","to_state":"CA","to_zip":"95616","to_city":"DAVIS","to_street":"217 F St","shipping":"0.00","plugin":"woo","line_items":[{"id":"15466-5b4634374f3d21e6903ba5ff2b771fa4","quantity":1,"product_tax_code":"","unit_price":".50","discount":"0"}]} (WCS Tax)
07-10-2020 @ 18:32:59 - Received: {"tax":{"amount_to_collect":0.04,"breakdown":{"city_tax_collectable":0.0,"city_tax_rate":0.0,"city_taxable_amount":0.0,"combined_tax_rate":0.0825,"county_tax_collectable":0.01,"county_tax_rate":0.01,"county_taxable_amount":0.5,"line_items":[{"city_amount":0.0,"city_tax_rate":0.0,"city_taxable_amount":0.0,"combined_tax_rate":0.0825,"county_amount":0.01,"county_tax_rate":0.01,"county_taxable_amount":0.5,"id":"15466-5b4634374f3d21e6903ba5ff2b771fa4","special_district_amount":0.01,"special_district_taxable_amount":0.5,"special_tax_rate":0.01,"state_amount":0.03,"state_sales_tax_rate":0.0625,"state_taxable_amount":0.5,"tax_collectable":0.04,"taxable_amount":0.5}],"special_district_tax_collectable":0.01,"special_district_taxable_amount":0.5,"special_tax_rate":0.01,"state_tax_collectable":0.03,"state_tax_rate":0.0625,"state_taxable_amount":0.5,"tax_collectable":0.04,"taxable_amount":0.5},"freight_taxable":false,"has_nexus":true,"jurisdictions":{"city":"DAVIS","country":"US","county":"Yolo County","state":"CA"},"order_total_amount":0.5,"rate":0.0825,"shipping":0.0,"tax_source":"destination","taxable_amount":0.5}} (WCS Tax)
07-10-2020 @ 18:32:59 - :: Tax Rate Found :: (WCS Tax)
07-10-2020 @ 18:32:59 - {"1":{"rate":8.25,"label":"CA Tax","shipping":"no","compound":"no"}} (WCS Tax)
07-10-2020 @ 18:32:59 - :: Updating Tax Rate To :: (WCS Tax)
07-10-2020 @ 18:32:59 - {"tax_rate_country":"US","tax_rate_state":"CA","tax_rate_name":"CA Tax","tax_rate_priority":1,"tax_rate_compound":false,"tax_rate_shipping":0,"tax_rate":8.25,"tax_rate_class":""} (WCS Tax)
07-10-2020 @ 18:32:59 - Tax Rate ID Set for 1 (WCS Tax)
07-10-2020 @ 18:32:59 - :: Tax Rate Found :: (WCS Tax)
07-10-2020 @ 18:32:59 - {"1":{"rate":8.25,"label":"CA Tax","shipping":"no","compound":"no"}} (WCS Tax)
07-10-2020 @ 18:32:59 - :: Updating Tax Rate To :: (WCS Tax)
07-10-2020 @ 18:32:59 - {"tax_rate_country":"US","tax_rate_state":"CA","tax_rate_name":"CA Tax","tax_rate_priority":1,"tax_rate_compound":false,"tax_rate_shipping":0,"tax_rate":8.25,"tax_rate_class":""} (WCS Tax)
07-10-2020 @ 18:32:59 - Tax Rate ID Set for 1 (WCS Tax)
07-10-2020 @ 18:33:09 - :::: TaxJar Plugin requested :::: (WCS Tax)
07-10-2020 @ 18:33:09 - :::: TaxJar API called :::: (WCS Tax)
07-10-2020 @ 18:33:09 - Received: {"tax":{"amount_to_collect":0.04,"breakdown":{"city_tax_collectable":0.0,"city_tax_rate":0.0,"city_taxable_amount":0.0,"combined_tax_rate":0.0825,"county_tax_collectable":0.01,"county_tax_rate":0.01,"county_taxable_amount":0.5,"line_items":[{"city_amount":0.0,"city_tax_rate":0.0,"city_taxable_amount":0.0,"combined_tax_rate":0.0825,"county_amount":0.01,"county_tax_rate":0.01,"county_taxable_amount":0.5,"id":"15466-5b4634374f3d21e6903ba5ff2b771fa4","special_district_amount":0.01,"special_district_taxable_amount":0.5,"special_tax_rate":0.01,"state_amount":0.03,"state_sales_tax_rate":0.0625,"state_taxable_amount":0.5,"tax_collectable":0.04,"taxable_amount":0.5}],"special_district_tax_collectable":0.01,"special_district_taxable_amount":0.5,"special_tax_rate":0.01,"state_tax_collectable":0.03,"state_tax_rate":0.0625,"state_taxable_amount":0.5,"tax_collectable":0.04,"taxable_amount":0.5},"freight_taxable":false,"has_nexus":true,"jurisdictions":{"city":"DAVIS","country":"US","county":"Yolo County","state":"CA"},"order_total_amount":0.5,"rate":0.0825,"shipping":0.0,"tax_source":"destination","taxable_amount":0.5}} (WCS Tax)
07-10-2020 @ 18:33:09 - :: Tax Rate Found :: (WCS Tax)
07-10-2020 @ 18:33:09 - {"1":{"rate":8.25,"label":"CA Tax","shipping":"no","compound":"no"}} (WCS Tax)
07-10-2020 @ 18:33:09 - :: Updating Tax Rate To :: (WCS Tax)
07-10-2020 @ 18:33:09 - {"tax_rate_country":"US","tax_rate_state":"CA","tax_rate_name":"CA Tax","tax_rate_priority":1,"tax_rate_compound":false,"tax_rate_shipping":0,"tax_rate":8.25,"tax_rate_class":""} (WCS Tax)
07-10-2020 @ 18:33:09 - Tax Rate ID Set for 1 (WCS Tax)
07-10-2020 @ 18:33:09 - :: Tax Rate Found :: (WCS Tax)
07-10-2020 @ 18:33:09 - {"1":{"rate":8.25,"label":"CA Tax","shipping":"no","compound":"no"}} (WCS Tax)
07-10-2020 @ 18:33:09 - :: Updating Tax Rate To :: (WCS Tax)
07-10-2020 @ 18:33:09 - {"tax_rate_country":"US","tax_rate_state":"CA","tax_rate_name":"CA Tax","tax_rate_priority":1,"tax_rate_compound":false,"tax_rate_shipping":0,"tax_rate":8.25,"tax_rate_class":""} (WCS Tax)
07-10-2020 @ 18:33:09 - Tax Rate ID Set for 1 (WCS Tax)
07-10-2020 @ 18:33:12 - :::: TaxJar Plugin requested :::: (WCS Tax)
07-10-2020 @ 18:33:12 - :::: TaxJar API called :::: (WCS Tax)
07-10-2020 @ 18:33:12 - Received: {"tax":{"amount_to_collect":0.04,"breakdown":{"city_tax_collectable":0.0,"city_tax_rate":0.0,"city_taxable_amount":0.0,"combined_tax_rate":0.0825,"county_tax_collectable":0.01,"county_tax_rate":0.01,"county_taxable_amount":0.5,"line_items":[{"city_amount":0.0,"city_tax_rate":0.0,"city_taxable_amount":0.0,"combined_tax_rate":0.0825,"county_amount":0.01,"county_tax_rate":0.01,"county_taxable_amount":0.5,"id":"15466-5b4634374f3d21e6903ba5ff2b771fa4","special_district_amount":0.01,"special_district_taxable_amount":0.5,"special_tax_rate":0.01,"state_amount":0.03,"state_sales_tax_rate":0.0625,"state_taxable_amount":0.5,"tax_collectable":0.04,"taxable_amount":0.5}],"special_district_tax_collectable":0.01,"special_district_taxable_amount":0.5,"special_tax_rate":0.01,"state_tax_collectable":0.03,"state_tax_rate":0.0625,"state_taxable_amount":0.5,"tax_collectable":0.04,"taxable_amount":0.5},"freight_taxable":false,"has_nexus":true,"jurisdictions":{"city":"DAVIS","country":"US","county":"Yolo County","state":"CA"},"order_total_amount":0.5,"rate":0.0825,"shipping":0.0,"tax_source":"destination","taxable_amount":0.5}} (WCS Tax)
07-10-2020 @ 18:33:12 - :: Tax Rate Found :: (WCS Tax)
07-10-2020 @ 18:33:12 - {"1":{"rate":8.25,"label":"CA Tax","shipping":"no","compound":"no"}} (WCS Tax)
07-10-2020 @ 18:33:12 - :: Updating Tax Rate To :: (WCS Tax)
07-10-2020 @ 18:33:12 - {"tax_rate_country":"US","tax_rate_state":"CA","tax_rate_name":"CA Tax","tax_rate_priority":1,"tax_rate_compound":false,"tax_rate_shipping":0,"tax_rate":8.25,"tax_rate_class":""} (WCS Tax)
07-10-2020 @ 18:33:12 - Tax Rate ID Set for 1 (WCS Tax)
07-10-2020 @ 18:33:12 - :: Tax Rate Found :: (WCS Tax)
07-10-2020 @ 18:33:12 - {"1":{"rate":8.25,"label":"CA Tax","shipping":"no","compound":"no"}} (WCS Tax)
07-10-2020 @ 18:33:12 - :: Updating Tax Rate To :: (WCS Tax)
07-10-2020 @ 18:33:12 - {"tax_rate_country":"US","tax_rate_state":"CA","tax_rate_name":"CA Tax","tax_rate_priority":1,"tax_rate_compound":false,"tax_rate_shipping":0,"tax_rate":8.25,"tax_rate_class":""} (WCS Tax)
07-10-2020 @ 18:33:12 - Tax Rate ID Set for 1 (WCS Tax)
07-10-2020 @ 18:33:22 - :::: TaxJar Plugin requested :::: (WCS Tax)
07-10-2020 @ 18:33:22 - :::: TaxJar API called :::: (WCS Tax)
07-10-2020 @ 18:33:22 - Received: {"tax":{"amount_to_collect":0.04,"breakdown":{"city_tax_collectable":0.0,"city_tax_rate":0.0,"city_taxable_amount":0.0,"combined_tax_rate":0.0825,"county_tax_collectable":0.01,"county_tax_rate":0.01,"county_taxable_amount":0.5,"line_items":[{"city_amount":0.0,"city_tax_rate":0.0,"city_taxable_amount":0.0,"combined_tax_rate":0.0825,"county_amount":0.01,"county_tax_rate":0.01,"county_taxable_amount":0.5,"id":"15466-5b4634374f3d21e6903ba5ff2b771fa4","special_district_amount":0.01,"special_district_taxable_amount":0.5,"special_tax_rate":0.01,"state_amount":0.03,"state_sales_tax_rate":0.0625,"state_taxable_amount":0.5,"tax_collectable":0.04,"taxable_amount":0.5}],"special_district_tax_collectable":0.01,"special_district_taxable_amount":0.5,"special_tax_rate":0.01,"state_tax_collectable":0.03,"state_tax_rate":0.0625,"state_taxable_amount":0.5,"tax_collectable":0.04,"taxable_amount":0.5},"freight_taxable":false,"has_nexus":true,"jurisdictions":{"city":"DAVIS","country":"US","county":"Yolo County","state":"CA"},"order_total_amount":0.5,"rate":0.0825,"shipping":0.0,"tax_source":"destination","taxable_amount":0.5}} (WCS Tax)
07-10-2020 @ 18:33:22 - :: Tax Rate Found :: (WCS Tax)
07-10-2020 @ 18:33:22 - {"1":{"rate":8.25,"label":"CA Tax","shipping":"no","compound":"no"}} (WCS Tax)
07-10-2020 @ 18:33:22 - :: Updating Tax Rate To :: (WCS Tax)
07-10-2020 @ 18:33:22 - {"tax_rate_country":"US","tax_rate_state":"CA","tax_rate_name":"CA Tax","tax_rate_priority":1,"tax_rate_compound":false,"tax_rate_shipping":0,"tax_rate":8.25,"tax_rate_class":""} (WCS Tax)
07-10-2020 @ 18:33:22 - Tax Rate ID Set for 1 (WCS Tax)
07-10-2020 @ 18:33:22 - :: Tax Rate Found :: (WCS Tax)
07-10-2020 @ 18:33:22 - {"1":{"rate":8.25,"label":"CA Tax","shipping":"no","compound":"no"}} (WCS Tax)
07-10-2020 @ 18:33:22 - :: Updating Tax Rate To :: (WCS Tax)
07-10-2020 @ 18:33:22 - {"tax_rate_country":"US","tax_rate_state":"CA","tax_rate_name":"CA Tax","tax_rate_priority":1,"tax_rate_compound":false,"tax_rate_shipping":0,"tax_rate":8.25,"tax_rate_class":""} (WCS Tax)
07-10-2020 @ 18:33:22 - Tax Rate ID Set for 1 (WCS Tax)
07-10-2020 @ 18:37:34 - :::: TaxJar Plugin requested :::: (WCS Tax)
