2021-04-01T21:25:48+00:00 INFO Require to run updater..Start Installation/ Update process
2021-04-01T21:25:48+00:00 INFO Needs DB Update?
2021-04-01T21:25:48+00:00 INFO Current DB Version: 4.4.2
2021-04-01T21:25:48+00:00 INFO Database update require. Start updating database
2021-04-01T21:25:48+00:00 INFO Do Update....
2021-04-01T21:25:48+00:00 INFO Current IG ES DB Version: 4.4.2
2021-04-01T21:25:48+00:00 INFO [Queue] ig_es_update_449_create_tables
2021-04-01T21:25:48+00:00 INFO [Queue] ig_es_update_449_db_version
2021-04-01T21:25:48+00:00 INFO [Queue] ig_es_update_4410_load_templates
2021-04-01T21:25:48+00:00 INFO [Queue] ig_es_update_4410_db_version
2021-04-01T21:25:48+00:00 INFO [Queue] ig_es_update_450_alter_actions_table
2021-04-01T21:25:48+00:00 INFO [Queue] ig_es_update_450_db_version
2021-04-01T21:25:48+00:00 INFO [Queue] ig_es_update_457_alter_list_table
2021-04-01T21:25:48+00:00 INFO [Queue] ig_es_update_457_add_list_hash
2021-04-01T21:25:48+00:00 INFO [Queue] ig_es_update_457_db_version
2021-04-01T21:25:48+00:00 INFO [Queue] ig_es_update_463_alter_contacts_table
2021-04-01T21:25:48+00:00 INFO [Queue] ig_es_migrate_ip_from_list_contacts_to_contacts_table
2021-04-01T21:25:48+00:00 INFO [Queue] ig_es_update_463_db_version
2021-04-01T21:25:48+00:00 INFO [Queue] ig_es_update_465_create_tables
2021-04-01T21:25:48+00:00 INFO [Queue] ig_es_update_465_db_version
2021-04-01T21:25:48+00:00 INFO [Queue] ig_es_update_466_create_temp_import_table
2021-04-01T21:25:48+00:00 INFO [Queue] ig_es_update_466_db_version
2021-04-01T21:25:48+00:00 INFO [Queue] ig_es_update_467_alter_contacts_table
2021-04-01T21:25:48+00:00 INFO [Queue] ig_es_add_country_code_to_contacts_table
2021-04-01T21:25:48+00:00 INFO [Queue] ig_es_update_467_db_version
2021-04-01T21:25:48+00:00 INFO [Queue] ig_es_update_468_create_unsubscribe_feedback_table
2021-04-01T21:25:48+00:00 INFO [Queue] ig_es_update_468_db_version
2021-04-01T21:25:48+00:00 INFO [Queue] ig_es_update_469_alter_wc_guests_table
2021-04-01T21:25:48+00:00 INFO [Queue] ig_es_update_469_db_version
2021-04-01T21:25:48+00:00 INFO [Queue] ig_es_migrate_4613_sequence_list_settings_into_campaign_rules
2021-04-01T21:25:48+00:00 INFO [Queue] ig_es_update_4613_db_version
2021-04-01T21:25:48+00:00 INFO Yes, we have tasks to process
2021-04-01T21:25:48+00:00 INFO --------------------- Started To Run Task Again---------------------
2021-04-01T21:25:48+00:00 INFO [Processing] ig_es_update_449_create_tables
2021-04-01T21:25:48+00:00 INFO --- Running Task - ig_es_update_449_create_tables
2021-04-01T21:25:48+00:00 INFO --- Finished Task - ig_es_update_449_create_tables 
2021-04-01T21:25:48+00:00 INFO [Processed] ig_es_update_449_create_tables
2021-04-01T21:25:48+00:00 INFO [Processing] ig_es_update_449_db_version
2021-04-01T21:25:48+00:00 INFO --- Running Task - ig_es_update_449_db_version
2021-04-01T21:25:48+00:00 INFO --- Finished Task - ig_es_update_449_db_version 
2021-04-01T21:25:48+00:00 INFO [Processed] ig_es_update_449_db_version
2021-04-01T21:25:48+00:00 INFO [Processing] ig_es_update_4410_load_templates
2021-04-01T21:25:48+00:00 INFO --- Running Task - ig_es_update_4410_load_templates
2021-04-01T21:25:48+00:00 INFO --- Finished Task - ig_es_update_4410_load_templates 
2021-04-01T21:25:48+00:00 INFO [Processed] ig_es_update_4410_load_templates
2021-04-01T21:25:48+00:00 INFO [Processing] ig_es_update_4410_db_version
2021-04-01T21:25:48+00:00 INFO --- Running Task - ig_es_update_4410_db_version
2021-04-01T21:25:48+00:00 INFO --- Finished Task - ig_es_update_4410_db_version 
2021-04-01T21:25:48+00:00 INFO [Processed] ig_es_update_4410_db_version
2021-04-01T21:25:48+00:00 INFO [Processing] ig_es_update_450_alter_actions_table
2021-04-01T21:25:48+00:00 INFO --- Running Task - ig_es_update_450_alter_actions_table
2021-04-01T21:25:48+00:00 INFO --- Finished Task - ig_es_update_450_alter_actions_table 
2021-04-01T21:25:48+00:00 INFO [Processed] ig_es_update_450_alter_actions_table
2021-04-01T21:25:48+00:00 INFO [Processing] ig_es_update_450_db_version
2021-04-01T21:25:48+00:00 INFO --- Running Task - ig_es_update_450_db_version
2021-04-01T21:25:48+00:00 INFO --- Finished Task - ig_es_update_450_db_version 
2021-04-01T21:25:48+00:00 INFO [Processed] ig_es_update_450_db_version
2021-04-01T21:25:48+00:00 INFO [Processing] ig_es_update_457_alter_list_table
2021-04-01T21:25:48+00:00 INFO --- Running Task - ig_es_update_457_alter_list_table
2021-04-01T21:25:48+00:00 INFO --- Finished Task - ig_es_update_457_alter_list_table 
2021-04-01T21:25:48+00:00 INFO [Processed] ig_es_update_457_alter_list_table
2021-04-01T21:25:48+00:00 INFO [Processing] ig_es_update_457_add_list_hash
2021-04-01T21:25:48+00:00 INFO --- Running Task - ig_es_update_457_add_list_hash
2021-04-01T21:25:48+00:00 INFO --- Finished Task - ig_es_update_457_add_list_hash 
2021-04-01T21:25:48+00:00 INFO [Processed] ig_es_update_457_add_list_hash
2021-04-01T21:25:48+00:00 INFO [Processing] ig_es_update_457_db_version
2021-04-01T21:25:48+00:00 INFO --- Running Task - ig_es_update_457_db_version
2021-04-01T21:25:48+00:00 INFO --- Finished Task - ig_es_update_457_db_version 
2021-04-01T21:25:48+00:00 INFO [Processed] ig_es_update_457_db_version
2021-04-01T21:25:48+00:00 INFO [Processing] ig_es_update_463_alter_contacts_table
2021-04-01T21:25:48+00:00 INFO --- Running Task - ig_es_update_463_alter_contacts_table
2021-04-01T21:25:48+00:00 INFO --- Finished Task - ig_es_update_463_alter_contacts_table 
2021-04-01T21:25:48+00:00 INFO [Processed] ig_es_update_463_alter_contacts_table
2021-04-01T21:25:48+00:00 INFO [Processing] ig_es_migrate_ip_from_list_contacts_to_contacts_table
2021-04-01T21:25:48+00:00 INFO --- Running Task - ig_es_migrate_ip_from_list_contacts_to_contacts_table
2021-04-01T21:25:48+00:00 INFO --- Finished Task - ig_es_migrate_ip_from_list_contacts_to_contacts_table 
2021-04-01T21:25:48+00:00 INFO [Processed] ig_es_migrate_ip_from_list_contacts_to_contacts_table
2021-04-01T21:25:48+00:00 INFO [Processing] ig_es_update_463_db_version
2021-04-01T21:25:48+00:00 INFO --- Running Task - ig_es_update_463_db_version
2021-04-01T21:25:48+00:00 INFO --- Finished Task - ig_es_update_463_db_version 
2021-04-01T21:25:48+00:00 INFO [Processed] ig_es_update_463_db_version
2021-04-01T21:25:48+00:00 INFO [Processing] ig_es_update_465_create_tables
2021-04-01T21:25:48+00:00 INFO --- Running Task - ig_es_update_465_create_tables
2021-04-01T21:25:48+00:00 INFO --- Finished Task - ig_es_update_465_create_tables 
2021-04-01T21:25:48+00:00 INFO [Processed] ig_es_update_465_create_tables
2021-04-01T21:25:48+00:00 INFO [Processing] ig_es_update_465_db_version
2021-04-01T21:25:48+00:00 INFO --- Running Task - ig_es_update_465_db_version
2021-04-01T21:25:48+00:00 INFO --- Finished Task - ig_es_update_465_db_version 
2021-04-01T21:25:48+00:00 INFO [Processed] ig_es_update_465_db_version
2021-04-01T21:25:48+00:00 INFO [Processing] ig_es_update_466_create_temp_import_table
2021-04-01T21:25:48+00:00 INFO --- Running Task - ig_es_update_466_create_temp_import_table
2021-04-01T21:25:48+00:00 INFO --- Finished Task - ig_es_update_466_create_temp_import_table 
2021-04-01T21:25:48+00:00 INFO [Processed] ig_es_update_466_create_temp_import_table
2021-04-01T21:25:48+00:00 INFO [Processing] ig_es_update_466_db_version
2021-04-01T21:25:48+00:00 INFO --- Running Task - ig_es_update_466_db_version
2021-04-01T21:25:48+00:00 INFO --- Finished Task - ig_es_update_466_db_version 
2021-04-01T21:25:48+00:00 INFO [Processed] ig_es_update_466_db_version
2021-04-01T21:25:48+00:00 INFO [Processing] ig_es_update_467_alter_contacts_table
2021-04-01T21:25:48+00:00 INFO --- Running Task - ig_es_update_467_alter_contacts_table
2021-04-01T21:25:48+00:00 INFO --- Finished Task - ig_es_update_467_alter_contacts_table 
2021-04-01T21:25:48+00:00 INFO [Processed] ig_es_update_467_alter_contacts_table
2021-04-01T21:25:48+00:00 INFO [Processing] ig_es_add_country_code_to_contacts_table
2021-04-01T21:25:48+00:00 INFO --- Running Task - ig_es_add_country_code_to_contacts_table
2021-04-01T21:25:49+00:00 INFO --- Finished Task - ig_es_add_country_code_to_contacts_table 
2021-04-01T21:25:49+00:00 INFO [Processed] ig_es_add_country_code_to_contacts_table
2021-04-01T21:25:49+00:00 INFO [Processing] ig_es_update_467_db_version
2021-04-01T21:25:49+00:00 INFO --- Running Task - ig_es_update_467_db_version
2021-04-01T21:25:49+00:00 INFO --- Finished Task - ig_es_update_467_db_version 
2021-04-01T21:25:49+00:00 INFO [Processed] ig_es_update_467_db_version
2021-04-01T21:25:49+00:00 INFO [Processing] ig_es_update_468_create_unsubscribe_feedback_table
2021-04-01T21:25:49+00:00 INFO --- Running Task - ig_es_update_468_create_unsubscribe_feedback_table
2021-04-01T21:25:49+00:00 INFO --- Finished Task - ig_es_update_468_create_unsubscribe_feedback_table 
2021-04-01T21:25:49+00:00 INFO [Processed] ig_es_update_468_create_unsubscribe_feedback_table
2021-04-01T21:25:49+00:00 INFO [Processing] ig_es_update_468_db_version
2021-04-01T21:25:49+00:00 INFO --- Running Task - ig_es_update_468_db_version
2021-04-01T21:25:49+00:00 INFO --- Finished Task - ig_es_update_468_db_version 
2021-04-01T21:25:49+00:00 INFO [Processed] ig_es_update_468_db_version
2021-04-01T21:25:49+00:00 INFO [Processing] ig_es_update_469_alter_wc_guests_table
2021-04-01T21:25:49+00:00 INFO --- Running Task - ig_es_update_469_alter_wc_guests_table
2021-04-01T21:25:49+00:00 INFO --- Finished Task - ig_es_update_469_alter_wc_guests_table 
2021-04-01T21:25:49+00:00 INFO [Processed] ig_es_update_469_alter_wc_guests_table
2021-04-01T21:25:49+00:00 INFO [Processing] ig_es_update_469_db_version
2021-04-01T21:25:49+00:00 INFO --- Running Task - ig_es_update_469_db_version
2021-04-01T21:25:49+00:00 INFO --- Finished Task - ig_es_update_469_db_version 
2021-04-01T21:25:49+00:00 INFO [Processed] ig_es_update_469_db_version
2021-04-01T21:25:49+00:00 INFO [Processing] ig_es_migrate_4613_sequence_list_settings_into_campaign_rules
2021-04-01T21:25:49+00:00 INFO --- Running Task - ig_es_migrate_4613_sequence_list_settings_into_campaign_rules
2021-04-01T21:25:49+00:00 INFO --- Finished Task - ig_es_migrate_4613_sequence_list_settings_into_campaign_rules 
2021-04-01T21:25:49+00:00 INFO [Processed] ig_es_migrate_4613_sequence_list_settings_into_campaign_rules
2021-04-01T21:25:49+00:00 INFO [Processing] ig_es_update_4613_db_version
2021-04-01T21:25:49+00:00 INFO --- Running Task - ig_es_update_4613_db_version
2021-04-01T21:25:49+00:00 INFO --- Finished Task - ig_es_update_4613_db_version 
2021-04-01T21:25:49+00:00 INFO [Processed] ig_es_update_4613_db_version
